<?xml version="1.0" encoding="UTF-8"?>
<testng-results ignored="0" total="2" passed="2" failed="0" skipped="0">
  <reporter-output>
  </reporter-output>
  <suite started-at="2022-07-17T23:33:30 IST" name="Default suite" finished-at="2022-07-17T23:33:30 IST" duration-ms="363">
    <groups>
    </groups>
    <test started-at="2022-07-17T23:33:30 IST" name="Default test" finished-at="2022-07-17T23:33:30 IST" duration-ms="363">
      <class name="Selenium_Assesment.TestVagarnt.JasonParse">
        <test-method signature="f_players()[pri:0, instance:Selenium_Assesment.TestVagarnt.JasonParse@4e628b52]" started-at="2022-07-17T23:33:30 IST" name="f_players" finished-at="2022-07-17T23:33:30 IST" duration-ms="207" status="PASS">
          <reporter-output>
          </reporter-output>
        </test-method> <!-- f_players -->
        <test-method signature="v_wicketkeeper()[pri:0, instance:Selenium_Assesment.TestVagarnt.JasonParse@4e628b52]" started-at="2022-07-17T23:33:30 IST" name="v_wicketkeeper" finished-at="2022-07-17T23:33:30 IST" duration-ms="109" status="PASS">
          <reporter-output>
          </reporter-output>
        </test-method> <!-- v_wicketkeeper -->
      </class> <!-- Selenium_Assesment.TestVagarnt.JasonParse -->
    </test> <!-- Default test -->
  </suite> <!-- Default suite -->
</testng-results>
